<?xml version="1.0" encoding="UTF-8"?>
<!-- Generated by org.testng.reporters.JUnitReportReporter -->
<testsuite hostname="Praful" failures="0" tests="3" name="TestRunner.AdminPageRunnerTest" time="21.288" errors="0" timestamp="2024-07-03T08:46:49 IST" skipped="0">
  <testcase classname="TestRunner.AdminPageRunnerTest" name="runScenario" time="0.655"/>
  <system-out/>
  <testcase classname="TestRunner.AdminPageRunnerTest" name="runScenario" time="8.774"/>
  <system-out/>
  <testcase classname="TestRunner.AdminPageRunnerTest" name="runScenario" time="11.859"/>
  <system-out/>
</testsuite> <!-- TestRunner.AdminPageRunnerTest -->
